<?xml version="1.0" encoding="UTF-8"?>
<!-- Generated by org.testng.reporters.JUnitReportReporter -->
<testsuite skipped="0" hostname="SeniorQA" name="com.createAssessment.fastrackTestcases.Tests" tests="1" failures="0" timestamp="2021-07-22T20:25:18 IST" time="19.530" errors="0">
  <testcase name="testingVilla" time="19.530" classname="com.createAssessment.fastrackTestcases.Tests"/>
  <system-out/>
</testsuite> <!-- com.createAssessment.fastrackTestcases.Tests -->
