<?xml version="1.0" encoding="UTF-8"?>
<!-- Generated by org.testng.reporters.JUnitReportReporter -->
<testsuite skipped="0" hostname="SeniorQA" name="com.createAssessment.fastrackTestcases.ReassignedAssessment" tests="8" failures="0" timestamp="2021-07-27T09:46:56 IST" time="87.716" errors="0">
  <testcase name="fastrackLogin" time="4.519" classname="com.createAssessment.fastrackTestcases.ReassignedAssessment"/>
  <system-out/>
  <testcase name="clickOnLoginButton" time="3.647" classname="com.createAssessment.fastrackTestcases.ReassignedAssessment"/>
  <system-out/>
  <testcase name="enterUsername" time="1.046" classname="com.createAssessment.fastrackTestcases.ReassignedAssessment"/>
  <system-out/>
  <testcase name="enterPassword" time="3.741" classname="com.createAssessment.fastrackTestcases.ReassignedAssessment"/>
  <system-out/>
  <testcase name="selectAssignedAssessment" time="14.705" classname="com.createAssessment.fastrackTestcases.ReassignedAssessment"/>
  <system-out/>
  <testcase name="clickOnNextButton" time="4.260" classname="com.createAssessment.fastrackTestcases.ReassignedAssessment"/>
  <system-out/>
  <testcase name="clickOnAssignbutton" time="16.370" classname="com.createAssessment.fastrackTestcases.ReassignedAssessment"/>
  <system-out/>
  <testcase name="verifyFeedbackPage" time="39.428" classname="com.createAssessment.fastrackTestcases.ReassignedAssessment"/>
  <system-out/>
</testsuite> <!-- com.createAssessment.fastrackTestcases.ReassignedAssessment -->
