<?xml version="1.0" encoding="UTF-8"?>
<!-- Generated by org.testng.reporters.JUnitReportReporter -->
<testsuite skipped="0" hostname="SeniorQA" name="com.createAssessment.fastrackTestcases.Testing" tests="8" failures="0" timestamp="2021-07-21T07:57:23 IST" time="136.811" errors="0">
  <testcase name="fastrackLogin" time="47.595" classname="com.createAssessment.fastrackTestcases.Testing"/>
  <system-out/>
  <testcase name="clickOnCreateButton" time="26.426" classname="com.createAssessment.fastrackTestcases.Testing"/>
  <system-out/>
  <testcase name="createTemplateFormat" time="0.425" classname="com.createAssessment.fastrackTestcases.Testing"/>
  <system-out/>
  <testcase name="clickOnNextButton" time="2.270" classname="com.createAssessment.fastrackTestcases.Testing"/>
  <system-out/>
  <testcase name="openSchedulePage" time="5.207" classname="com.createAssessment.fastrackTestcases.Testing"/>
  <system-out/>
  <testcase name="verifySchedulePage" time="17.054" classname="com.createAssessment.fastrackTestcases.Testing"/>
  <system-out/>
  <testcase name="clickOnConfirmButton" time="1.161" classname="com.createAssessment.fastrackTestcases.Testing"/>
  <system-out/>
  <testcase name="verifyFeedbackPage" time="36.673" classname="com.createAssessment.fastrackTestcases.Testing"/>
  <system-out/>
</testsuite> <!-- com.createAssessment.fastrackTestcases.Testing -->
