<?xml version="1.0" encoding="UTF-8"?>
<!-- Generated by org.testng.reporters.JUnitReportReporter -->
<testsuite skipped="0" hostname="SeniorQA" name="com.createAssessment.fastrackTestcases.FastrackCreateAssessment" tests="4" failures="0" timestamp="2021-07-22T21:46:30 IST" time="46.239" errors="0">
  <testcase name="fastrackLogin" time="14.556" classname="com.createAssessment.fastrackTestcases.FastrackCreateAssessment"/>
  <system-out/>
  <testcase name="clickOnCreateButton" time="25.136" classname="com.createAssessment.fastrackTestcases.FastrackCreateAssessment"/>
  <system-out/>
  <testcase name="createTemplateFormat" time="4.291" classname="com.createAssessment.fastrackTestcases.FastrackCreateAssessment"/>
  <system-out/>
  <testcase name="clickOnNextButton" time="2.256" classname="com.createAssessment.fastrackTestcases.FastrackCreateAssessment"/>
  <system-out/>
</testsuite> <!-- com.createAssessment.fastrackTestcases.FastrackCreateAssessment -->
