<?xml version="1.0" encoding="UTF-8"?>
<!-- Generated by org.testng.reporters.JUnitReportReporter -->
<testsuite skipped="0" hostname="SeniorQA" name="com.createAssessment.fastrackPageObject.Testing" tests="1" failures="0" timestamp="2021-07-19T10:26:53 IST" time="16.185" errors="0">
  <testcase name="OpenBrowser" time="16.185" classname="com.createAssessment.fastrackPageObject.Testing"/>
  <system-out/>
</testsuite> <!-- com.createAssessment.fastrackPageObject.Testing -->
